<?xml version="1.0" encoding="UTF-8"?>
<!-- Generated by org.testng.reporters.JUnitXMLReporter -->
<testsuite ignored="0" hostname="COL-LT-220411B" failures="1" tests="1" name="AmazonExerciseUnosquare" time="15.437" errors="0" timestamp="2022-08-22T18:14:55 COT">
  <testcase classname="Pages.FirstTestCase" name="firstTest" time="10.742">
    <failure type="java.lang.AssertionError" message="expected [Your Amazon Cart is empty.] but found [Shopping Cart]">
      <![CDATA[java.lang.AssertionError: expected [Your Amazon Cart is empty.] but found [Shopping Cart]
at Pages.FirstTestCase.firstTest(FirstTestCase.java:45)
at java.base/java.util.ArrayList.forEach(ArrayList.java:1541)
at com.intellij.rt.testng.IDEARemoteTestNG.run(IDEARemoteTestNG.java:66)
at com.intellij.rt.testng.RemoteTestNGStarter.main(RemoteTestNGStarter.java:109)
... Removed 30 stack frames]]>
    </failure>
  </testcase> <!-- firstTest -->
</testsuite> <!-- AmazonExerciseUnosquare -->
